/Users/caitlin1217/Desktop/Scheme Detailing/Inspired Details.dwg,Layout1,Thu Oct  6 21:51:59 2011,caitlin1217,MASN_600_BW_v3(temp).PCM,na-letter,1:1,
/Users/caitlin1217/Desktop/Scheme Detailing/Inspired Details.dwg,Layout1,Thu Oct  6 21:55:26 2011,caitlin1217,MASN_600_BW_v3(temp).PCM,na-letter,1:1,
/Users/caitlin1217/Desktop/Scheme Detailing/Inspired Details.dwg,Layout2,Thu Oct  6 22:05:49 2011,caitlin1217,MASN_600_BW_v3(temp).PCM,na-letter,1:1,
/Users/caitlin1217/Desktop/Scheme Detailing/Inspired Details.dwg,Layout2,Thu Oct  6 22:06:28 2011,caitlin1217,MASN_600_BW_v3(temp).PCM,na-letter,1:1,
/Users/caitlin1217/Desktop/Scheme Detailing/Inspired Details.dwg,Layout2,Thu Oct  6 22:07:10 2011,caitlin1217,MASN_600_BW_v3(temp).PCM,na-letter,1:1,
/Users/caitlin1217/Desktop/Scheme Detailing/Inspired Details.dwg,Model,Thu Oct  6 22:08:06 2011,caitlin1217,MASN_600_BW_v3(temp).PCM,na-letter,1:7.65162,
/Users/caitlin1217/Desktop/Scheme Detailing/Inspired Details.dwg,Model,Thu Oct  6 22:09:04 2011,caitlin1217,MASN_600_BW_v3(temp).PCM,na-letter,1:14.9357,
/Users/caitlin1217/Desktop/Scheme Detailing/Inspired Details.dwg,Model,Thu Oct  6 22:10:46 2011,caitlin1217,MASN_600_BW_v3(temp).PCM,na-letter,1:7.70138,
/Users/caitlin1217/Desktop/Scheme Detailing/Inspired Details.dwg,Model,Thu Oct  6 22:11:58 2011,caitlin1217,MASN_600_BW_v3(temp).PCM,na-letter,1:7.97934,
/Users/caitlin1217/Desktop/Scheme Detailing/Inspired Details.dwg,Model,Thu Oct  6 22:12:37 2011,caitlin1217,MASN_600_BW_v3(temp).PCM,na-letter,1:7.29322,
/Users/caitlin1217/Desktop/Scheme Detailing/Inspired Details.dwg,Model,Thu Oct  6 22:14:07 2011,caitlin1217,MASN_600_BW_v3(temp).PCM,na-letter,1:9.39095,
/Users/caitlin1217/Desktop/Scheme Detailing/Inspired Details.dwg,Model,Thu Oct  6 22:14:46 2011,caitlin1217,MASN_600_BW_v3(temp).PCM,na-letter,1:9.31865,
/Users/caitlin1217/Desktop/Scheme Detailing/Inspired Details.dwg,Model,Thu Oct  6 22:21:13 2011,caitlin1217,MASN_600_BW_v3(temp).PCM,na-letter,1:9.35821,
/Users/caitlin1217/Desktop/Scheme Detailing/Inspired Details.dwg,Model,Thu Oct  6 22:21:55 2011,caitlin1217,MASN_600_BW_v3(temp).PCM,na-letter,1:10.0813,
/Users/caitlin1217/Desktop/Scheme Detailing/Inspired Details.dwg,Model,Thu Oct  6 22:22:53 2011,caitlin1217,MASN_600_BW_v3(temp).PCM,na-letter,1:9.19437,
/Users/caitlin1217/Desktop/Scheme Detailing/Inspired Details.dwg,Model,Fri Oct  7 04:08:27 2011,caitlin1217,MASN_600_BW_v3(temp).PCM,na-letter,1:8.94411,
/Users/caitlin1217/Desktop/Scheme Detailing/Inspired Details.dwg,Model,Fri Oct  7 04:08:56 2011,caitlin1217,MASN_600_BW_v3(temp).PCM,na-letter,1:4.79084,
/Users/caitlin1217/Desktop/Scheme Detailing/Inspired Details.dwg,Model,Fri Oct  7 04:09:47 2011,caitlin1217,MASN_600_BW_v3(temp).PCM,na-letter,1:4.37659,
/Users/caitlin1217/Desktop/Scheme Detailing/Inspired Details.dwg,Model,Fri Oct  7 04:10:39 2011,caitlin1217,MASN_600_BW_v3(temp).PCM,na-letter,1:5.49726,
/Users/caitlin1217/Desktop/Scheme Detailing/Inspired Details.dwg,Model,Fri Oct  7 04:12:02 2011,caitlin1217,MASN_600_BW_v3(temp).PCM,na-letter,1:5.07234,
/Users/caitlin1217/Desktop/Scheme Detailing/Inspired Details.dwg,Model,Fri Oct  7 04:12:50 2011,caitlin1217,MASN_600_BW_v3(temp).PCM,na-letter,1:4.7938,
/Users/caitlin1217/Desktop/Scheme Detailing/Inspired Details.dwg,Model,Fri Oct  7 04:13:25 2011,caitlin1217,MASN_600_BW_v3(temp).PCM,na-letter,1:3.72521,
/Users/caitlin1217/Desktop/Scheme Detailing/Inspired Details.dwg,Model,Fri Oct  7 04:17:36 2011,caitlin1217,MASN_600_BW_v3(temp).PCM,na-letter,1:3.58058,
/Users/caitlin1217/Desktop/Scheme Detailing/Inspired Details.dwg,Model,Fri Oct  7 04:18:07 2011,caitlin1217,MASN_600_BW_v3(temp).PCM,na-letter,1:5.05141,
/Users/caitlin1217/Desktop/Scheme Detailing/Inspired Details.dwg,Model,Fri Oct  7 04:18:44 2011,caitlin1217,MASN_600_BW_v3(temp).PCM,na-letter,1:3.21459,
/Users/caitlin1217/Desktop/Scheme Detailing/Inspired Details.dwg,Model,Fri Oct  7 04:19:05 2011,caitlin1217,MASN_600_BW_v3(temp).PCM,na-letter,1:6.46488,
/Users/caitlin1217/Desktop/Scheme Detailing/Inspired Details.dwg,Model,Fri Oct  7 04:20:45 2011,caitlin1217,MASN_600_BW_v3(temp).PCM,na-letter,1:6.4647,
/Users/caitlin1217/Desktop/Picturing Space/72 KST DRAWING SET/KST_LAYOUT_XREF.dwg,1 PLAN,Mon Oct 10 01:21:11 2011,caitlin1217,MASN_600_BW_v3(temp).PCM,tabloid,1:1,
/Users/caitlin1217/Desktop/Picturing Space/72 KST DRAWING SET/KST_LAYOUT_XREF.dwg,1 PLAN,Mon Oct 10 01:23:38 2011,caitlin1217,MASN_600_BW_v3(temp).PCM,tabloid,1:1,
/Users/caitlin1217/Desktop/Picturing Space/72 KST DRAWING SET/KST_LAYOUT_XREF.dwg,1 PLAN,Mon Oct 10 01:43:27 2011,caitlin1217,MASN_600_BW_v3(temp).PCM,tabloid,1:1,
/Users/caitlin1217/Desktop/Picturing Space/72 KST DRAWING SET/KST_LAYOUT_XREF.dwg,2 ELEV PORTRAIT,Mon Oct 10 01:44:57 2011,caitlin1217,MASN_600_BW_v3(temp).PCM,tabloid,1:1,
/Users/caitlin1217/Desktop/Picturing Space/72 KST DRAWING SET/KST_LAYOUT_XREF.dwg,1 PLAN,Mon Oct 10 01:46:00 2011,caitlin1217,MASN_600_BW_v3(temp).PCM,tabloid,1:1,
/Users/caitlin1217/Desktop/Picturing Space/72 KST DRAWING SET/KST_LAYOUT_XREF.dwg,1 PLAN,Mon Oct 10 14:45:40 2011,caitlin1217,MASN_600_BW_v3(temp).PCM,tabloid,1:1,
/Users/caitlin1217/Desktop/Picturing Space/72 KST DRAWING SET/KST_LAYOUT_XREF.dwg,1 PLAN,Mon Oct 10 14:46:57 2011,caitlin1217,MASN_600_BW_v3(temp).PCM,tabloid,1:1,
/Users/caitlin1217/Desktop/Picturing Space/72 KST DRAWING SET/KST_LAYOUT_XREF.dwg,1 PLAN,Tue Oct 11 00:31:38 2011,caitlin1217,MASN_600_BW_v3(temp).PCM,tabloid,1:1,
/Users/caitlin1217/Desktop/Picturing Space/72 KST DRAWING SET/KST_LAYOUT_XREF.dwg,1 PLAN,Tue Oct 11 00:32:08 2011,caitlin1217,MASN_600_BW_v3(temp).PCM,tabloid,1:1,
/Users/caitlin1217/Desktop/Picturing Space/72 KST DRAWING SET/KST_LAYOUT_XREF.dwg,1 PLAN,Tue Oct 11 15:40:34 2011,caitlin1217,MASN_600_BW_v3(temp).PCM,tabloid,1:1,
/Users/caitlin1217/Desktop/Picturing Space/72 KST DRAWING SET/KST_LAYOUT_XREF.dwg,1 PLAN,Wed Oct 19 22:34:00 2011,caitlin1217,MASN_600_BW_v3(temp).PCM,tabloid,1:1,
/Users/caitlin1217/Desktop/Picturing Space/72 KST DRAWING SET/KST_LAYOUT_XREF.dwg,1 PLAN,Wed Oct 19 22:34:40 2011,caitlin1217,MASN_600_BW_v3(temp).PCM,tabloid,1:1,
/Users/caitlin1217/Desktop/Picturing Space/72 KST DRAWING SET/KST_LAYOUT_XREF.dwg,1 PLAN,Sun Oct 23 23:46:12 2011,caitlin1217,MASN_600_BW_v3(temp).PCM,tabloid,1:1,
/Users/caitlin1217/Documents/Drawing1.dwg,Model,Wed Oct 26 12:43:02 2011,caitlin1217,MASN_600_BW_v3(temp).PCM,na-letter,1:127.799,
/Users/caitlin1217/Desktop/Picturing Space/72 KST DRAWING SET/KST_LAYOUT_XREF.dwg,1 PLAN,Mon Oct 31 16:30:00 2011,caitlin1217,MASN_600_BW_v3(temp).PCM,tabloid,1:1,
/Users/caitlin1217/Desktop/Picturing Space/72 KST DRAWING SET/KST_LAYOUT_XREF.dwg,2 ELEV PORTRAIT,Mon Oct 31 16:30:37 2011,caitlin1217,MASN_600_BW_v3(temp).PCM,tabloid,1:1,
/Users/caitlin1217/Desktop/Picturing Space/72 KST DRAWING SET/KST_LAYOUT_XREF.dwg,3 SECTIONS PORTRAIT,Mon Oct 31 16:31:20 2011,caitlin1217,MASN_600_BW_v3(temp).PCM,tabloid,1:1,
/Users/caitlin1217/Desktop/Picturing Space/72 KST DRAWING SET/KST_LAYOUT_XREF.dwg,1 PLAN,Tue Nov  1 01:33:00 2011,caitlin1217,MASN_600_BW_v3(temp).PCM,tabloid,1:1,
/Users/caitlin1217/Desktop/Ceramics project.dwg,Layout3,Sun Nov  6 21:07:14 2011,caitlin1217,MASN_600_BW_v3(temp).PCM,tabloid,1:1,
/Users/caitlin1217/Desktop/Ceramics project.dwg,Layout2,Sun Nov  6 21:07:45 2011,caitlin1217,MASN_600_BW_v3(temp).PCM,tabloid,1:1,
/Users/caitlin1217/Desktop/Ceramics project.dwg,Layout1,Sun Nov  6 21:08:12 2011,caitlin1217,MASN_600_BW_v3(temp).PCM,tabloid,1:1,
/Users/caitlin1217/Desktop/Design Thesis Prep/Site size comparison.dwg,Model,Thu Nov 17 00:54:43 2011,caitlin1217,MASN_600_BW_v3(temp).PCM,na-letter,1:131.925,
/Users/caitlin1217/Desktop/Picturing Space/My Drawing Set/Double Exposure Plan 11-15.dwg,Layout2,Thu Nov 17 14:55:01 2011,caitlin1217,MASN_600_BW_v3(temp).PCM,tabloid,1:1,
/Users/caitlin1217/Desktop/Picturing Space/My Drawing Set/Double Exposure Plan 11-15.dwg,Layout3,Thu Nov 17 14:55:30 2011,caitlin1217,MASN_600_BW_v3(temp).PCM,tabloid,1:1,
/Users/caitlin1217/Desktop/Picturing Space/My Drawing Set/Double Exposure Plan 11-15.dwg,Layout2,Thu Nov 17 14:58:44 2011,caitlin1217,MASN_600_BW_v3(temp).PCM,tabloid,1:1,
/Users/caitlin1217/Desktop/Picturing Space/My Drawing Set/Double Exposure Plan 11-15.dwg,Layout3,Thu Nov 17 14:59:11 2011,caitlin1217,MASN_600_BW_v3(temp).PCM,tabloid,1:1,
/Users/caitlin1217/Desktop/Picturing Space/My Drawing Set/Double Exposure Plan 11-15.dwg,Layout4,Thu Nov 17 14:59:47 2011,caitlin1217,MASN_600_BW_v3(temp).PCM,tabloid,1:1,
/Users/caitlin1217/Desktop/Picturing Space/My Drawing Set/Double Exposure Plan 11-15.dwg,Layout5,Thu Nov 17 15:00:16 2011,caitlin1217,MASN_600_BW_v3(temp).PCM,tabloid,1:1,
/Users/caitlin1217/Desktop/Picturing Space/My Drawing Set/Double Exposure Plan 11-15.dwg,Layout6,Thu Nov 17 15:00:41 2011,caitlin1217,MASN_600_BW_v3(temp).PCM,tabloid,1:1,
/Users/caitlin1217/Desktop/Picturing Space/My Drawing Set/Double Exposure Plan 11-15.dwg,Layout2,Thu Nov 17 15:57:46 2011,caitlin1217,MASN_600_BW_v3(temp).PCM,tabloid,1:1,
/Users/caitlin1217/Desktop/Picturing Space/My Drawing Set/Double Exposure Plan 11-15.dwg,Layout6,Thu Nov 17 19:10:10 2011,caitlin1217,MASN_600_BW_v3(temp).PCM,tabloid,1:1,
/Users/caitlin1217/Desktop/Picturing Space/My Drawing Set/Double Exposure Plan 11-15.dwg,Layout3,Thu Nov 17 19:11:24 2011,caitlin1217,MASN_600_BW_v3(temp).PCM,tabloid,1:1,
/Users/caitlin1217/Desktop/Picturing Space/My Drawing Set/Double Exposure Plan 11-20.dwg,Layout6,Tue Nov 29 16:27:21 2011,caitlin1217,MASN_600_BW_v3(temp).PCM,tabloid,1:1,
/Users/caitlin1217/Desktop/Picturing Space/My Drawing Set/Double Exposure Plan 11-20.dwg,Layout7,Tue Nov 29 16:28:12 2011,caitlin1217,MASN_600_BW_v3(temp).PCM,tabloid,1:1,
/Users/caitlin1217/Desktop/Picturing Space/My Drawing Set/Double Exposure Plan 11-21 sketchup.dwg,Layout8,Thu Dec  1 21:37:46 2011,caitlin1217,MASN_600_BW_v3(temp).PCM,na-letter,1:1,
/Users/caitlin1217/Desktop/Design Thesis Prep/Site size comparison.dwg,Model,Tue Dec  6 03:00:09 2011,caitlin1217,MASN_600_BW_v3(temp).PCM,na-letter,1:184.541,
/Users/caitlin1217/Desktop/Design Thesis Prep/Site size comparison.dwg,Model,Tue Dec  6 03:01:12 2011,caitlin1217,MASN_600_BW_v3(temp).PCM,na-letter,1:99.396,
/Users/caitlin1217/Desktop/Design Thesis Prep/WAYLAND BUILDING.dwg,Layout1,Tue Dec  6 14:27:51 2011,caitlin1217,MASN_600_BW_v3(temp).PCM,tabloid,1:1,
/Users/caitlin1217/Desktop/Design Thesis Prep/WAYLAND BUILDING.dwg,Layout1,Tue Dec  6 14:32:43 2011,caitlin1217,MASN_600_BW_v3(temp).PCM,tabloid,1:1,
/Users/caitlin1217/Desktop/Design Thesis Prep/WAYLAND BUILDING.dwg,Layout1,Tue Dec  6 14:34:10 2011,caitlin1217,MASN_600_BW_v3(temp).PCM,tabloid,1:1,
/Users/caitlin1217/Desktop/Picturing Space/My Drawing Set/Double Exposure 2nd Floor Plan.dwg,Layout2,Wed Dec  7 23:18:06 2011,caitlin1217,MASN_600_BW_v3(temp).PCM,tabloid,1:1,
/Users/caitlin1217/Desktop/Picturing Space/My Drawing Set/Double Exposure 1st Floor Plan.dwg,Layout2,Wed Dec  7 23:19:57 2011,caitlin1217,MASN_600_BW_v3(temp).PCM,tabloid,1:1,
/Users/caitlin1217/Desktop/Picturing Space/My Drawing Set/Double Exposure 1st Floor Plan.dwg,Layout3,Wed Dec  7 23:22:24 2011,caitlin1217,MASN_600_BW_v3(temp).PCM,tabloid,1:1,
/Users/caitlin1217/Desktop/Picturing Space/My Drawing Set/Double Exposure 2nd Floor Plan.dwg,Layout2,Thu Dec  8 15:16:22 2011,caitlin1217,MASN_600_BW_v3(temp).PCM,tabloid,1:1,
/Users/caitlin1217/Desktop/Picturing Space/My Drawing Set/Double Exposure 2nd Floor Plan.dwg,Layout2,Thu Dec  8 15:17:33 2011,caitlin1217,MASN_600_BW_v3(temp).PCM,tabloid,1:1,
/Users/caitlin1217/Desktop/Picturing Space/My Drawing Set/Double Exposure 1st Floor Plan.dwg,Layout2,Thu Dec  8 15:19:01 2011,caitlin1217,MASN_600_BW_v3(temp).PCM,tabloid,1:1,
/Users/caitlin1217/Desktop/Picturing Space/My Drawing Set/DE Drawings for Illustrator.dwg,Layout8,Sat Dec 10 20:36:35 2011,caitlin1217,MASN_600_COLORPLOTTER_v3(temp).PCM,Untitled,1:1,
/Users/caitlin1217/Desktop/Picturing Space/My Drawing Set/DE Elevations.dwg,Layout4,Mon Dec 12 02:04:21 2011,caitlin1217,MASN_600_BW_v3(temp).PCM,tabloid,1:1,
/Users/caitlin1217/Desktop/WaylandBldg-plan-Flr1 FOR BOOK.dwg,Model,Thu Dec 15 19:42:58 2011,caitlin1217,MASN_600_BW_v3(temp).PCM,na-letter,0.25:12,
/Users/caitlin1217/Documents/Drawing1.dwg,Model,Thu Dec 15 19:45:28 2011,caitlin1217,MASN_600_BW_v3(temp).PCM,na-letter,1:229.951,
/Users/caitlin1217/Documents/Drawing1.dwg,Model,Thu Dec 15 19:46:02 2011,caitlin1217,MASN_600_BW_v3(temp).PCM,na-letter,1:225.888,
